[midiDisplay]::listfile(mididevices) ==> OK
[midiDisplay]::listfile(mididevicesids) ==> OK
[midiDisplay]::listfile(mididevices) ==> OK
[midiDisplay]::listfile(mididevicesids) ==> OK
[midiDisplay]::listfile(mididevices) ==> OK
[midiDisplay]::listfile(mididevicesids) ==> OK
[midiDisplay]::listfile(mididevices) ==> OK
[midiDisplay]::listfile(mididevicesids) ==> OK
[midiDisplay]::detected	 ==> Nocturn (28:0)
[midiDisplay]::detected	 ==> Nocturn (28:0)
[midiDisplay]::detected	 ==> Nocturn (28:0)
[midiDisplay]::detected	 ==> Nocturn (28:0)
[midiDisplay]::detected	 ==> Nocturn (28:0)
[midiDisplay]::detected	 ==> Nocturn (28:0)
[midiDisplay]::detected	 ==> Nocturn (28:0)
[midiDisplay]::detected	 ==> Nocturn (28:0)
[midiDisplay]::detected	 ==> Nocturn (28:0)
[midiDisplay]::detected	 ==> Nocturn (28:0)
[midiDisplay]::detected	 ==> Nocturn (28:0)
[midiDisplay]::listfile(mididevices) ==> OK
[midiDisplay]::listfile(mididevicesids) ==> OK
[midiDisplay]::detected	 ==> Nocturn (28:0)
[midiDisplay]::detected	 ==> Nocturn (28:0)
[midiDisplay]::detected	 ==> Nocturn (28:0)
[midiDisplay]::detected	 ==> Nocturn (28:0)
[midiDisplay]::detected	 ==> Nocturn (28:0)
[midiDisplay]::detected	 ==> Nocturn (28:0)
[midiDisplay]::detected	 ==> Nocturn (28:0)
[midiDisplay]::detected	 ==> Nocturn (28:0)
[midiDisplay]::detected	 ==> Nocturn (28:0)
[midiDisplay]::detected	 ==> Nocturn (28:0)
[midiDisplay]::detected	 ==> Nocturn (28:0)
[midiDisplay]::detected	 ==> Nocturn (28:0)
[midiDisplay]::detected	 ==> Nocturn (28:0)
[midiDisplay]::detected	 ==> Nocturn (28:0)
[midiDisplay]::detected	 ==> Nocturn (28:0)
[midiDisplay]::detected	 ==> Nocturn (28:0)
[midiDisplay]::detected	 ==> Nocturn (28:0)
[midiDisplay]::detected	 ==> Nocturn (28:0)
[midiDisplay]::detected	 ==> Nocturn (28:0)
[midiDisplay]::detected	 ==> Nocturn (28:0)
[midiDisplay]::detected	 ==> Nocturn (28:0)
[midiDisplay]::detected	 ==> Nocturn (28:0)
[midiDisplay]::detected	 ==> Nocturn (28:0)
[midiDisplay]::detected	 ==> Nocturn (28:0)
[midiDisplay]::detected	 ==> Nocturn (28:0)
[midiDisplay]::detected	 ==> Nocturn (28:0)
[midiDisplay]::detected	 ==> Nocturn (28:0)
[midiDisplay]::detected	 ==> Nocturn (28:0)
[midiDisplay]::detected	 ==> Nocturn (28:0)
[midiDisplay]::detected	 ==> Nocturn (28:0)
[midiDisplay]::detected	 ==> Nocturn (28:0)
[midiDisplay]::detected	 ==> Nocturn (28:0)
[midiDisplay]::detected	 ==> Nocturn (28:0)
[midiDisplay]::detected	 ==> Nocturn (28:0)
[midiDisplay]::detected	 ==> Nocturn (28:0)
[midiDisplay]::detected	 ==> Nocturn (28:0)
[midiDisplay]::detected	 ==> Nocturn (28:0)
[midiDisplay]::detected	 ==> Nocturn (28:0)
[midiDisplay]::detected	 ==> Nocturn (28:0)
[midiDisplay]::detected	 ==> Nocturn (28:0)
[midiDisplay]::detected	 ==> Nocturn (28:0)
[midiDisplay]::detected	 ==> Nocturn (28:0)
[midiDisplay]::detected	 ==> Nocturn (28:0)
[midiDisplay]::detected	 ==> Nocturn (28:0)
[midiDisplay]::detected	 ==> Nocturn (28:0)
[midiDisplay]::detected	 ==> Nocturn (28:0)
[midiDisplay]::detected	 ==> Nocturn (28:0)
[midiDisplay]::detected	 ==> Nocturn (28:0)
[midiDisplay]::detected	 ==> Nocturn (28:0)
[midiDisplay]::detected	 ==> Nocturn (28:0)
[midiDisplay]::detected	 ==> Nocturn (28:0)
[midiDisplay]::detected	 ==> Nocturn (28:0)
[midiDisplay]::detected	 ==> Nocturn (28:0)
[midiDisplay]::detected	 ==> Nocturn (28:0)
[midiDisplay]::detected	 ==> Nocturn (28:0)
[midiDisplay]::detected	 ==> Nocturn (28:0)
[midiDisplay]::detected	 ==> Nocturn (28:0)
[midiDisplay]::detected	 ==> Nocturn (28:0)
[midiDisplay]::detected	 ==> Nocturn (28:0)
[midiDisplay]::detected	 ==> Nocturn (28:0)
[midiDisplay]::detected	 ==> Nocturn (28:0)
[midiDisplay]::detected	 ==> Nocturn (28:0)
[midiDisplay]::detected	 ==> Nocturn (28:0)
-----------------------------------------
: midiDisplay WWW-SERVER started
-----------------------------------------
-----------------------------------------
: midiDisplay WWW-SERVER started
-----------------------------------------
-----------------------------------------
11-03-20 02:47:08: midiDisplay WWW-SERVER started
-----------------------------------------
-----------------------------------------------------
11-03-20 02:47:49: midiDisplay WWW-SERVER started
----------------------------------------------------
-----------------------------------------------------
midiDisplay WWW-SERVER started (11-03-20 02:48:24)
----------------------------------------------------
-----------------------------------------------------
midiDisplay WWW-SERVER started (11-03-20 07:33:41)
----------------------------------------------------
-----------------------------------------------------
midiDisplay WWW-SERVER started (11-03-20 10:00:21)
----------------------------------------------------
