serving at port 8000
/
/lib/libs/material/icons/material-icons.css
/lib/libs/material/roboto/Roboto.css
/assets/css/style.css
/assets/images/logo/midiDisplay_logo_www-blue-white-border@0.25x.png
/lib/libs/jquery/jquery-3.4.1.min.js
/src/js/default.js
/assets/images/background/background-karo.png
/assets/images/icons/icon-piano_blue.svg
/assets/images/icons/icon-usbport_blue.svg
/assets/images/icons/icon-logs_blue.svg
/assets/images/icons/icon-refresh_blue.svg
/assets/images/icons/icon-settings_blue.svg
/views/devices.html
/assets/images/favicon/midiDisplay_favicon.png
/logs/midiDisplay.list
/assets/images/icons/icon-settings.svg
/assets/images/icons/icon-piano.svg
/assets/images/icons/icon-midiport.svg
/index.html
/index.html
/index.html
/assets/images/favicon/midiDisplay_favicon.png
serving at port 8000
serving at port 8000
/index.html
/assets/css/style.css
/src/js/default.js
/views/devices.html
/assets/images/favicon/midiDisplay_favicon.png
midiDisplay WWW-SERVER started
serving at port 8000
CTRL + C to close
midiDisplay WWW-SERVER started
serving at port 8000
CTRL + C to close
